<?xml version="1.0" encoding="UTF-8"?>
<testsuite name="org.babyfish.jimmer.example.save.ManyToOneTest" tests="5" skipped="0" failures="0" errors="0" timestamp="2024-02-08T13:25:10" hostname="chentaodeMBP" time="0.073">
  <properties/>
  <testcase name="testAssociationByKey()" classname="org.babyfish.jimmer.example.save.ManyToOneTest" time="0.009"/>
  <testcase name="testShortAssociation()" classname="org.babyfish.jimmer.example.save.ManyToOneTest" time="0.008"/>
  <testcase name="testAssociationByExistingParent()" classname="org.babyfish.jimmer.example.save.ManyToOneTest" time="0.008"/>
  <testcase name="testAttachParent()" classname="org.babyfish.jimmer.example.save.ManyToOneTest" time="0.032"/>
  <testcase name="testIllegalShortAssociation()" classname="org.babyfish.jimmer.example.save.ManyToOneTest" time="0.013"/>
  <system-out><![CDATA[]]></system-out>
  <system-err><![CDATA[]]></system-err>
</testsuite>
