<?xml version="1.0" encoding="UTF-8"?>
<testsuite name="org.babyfish.jimmer.example.save.SaveModeTest" tests="8" skipped="0" failures="0" errors="0" timestamp="2024-02-08T13:25:10" hostname="chentaodeMBP" time="0.068">
  <properties/>
  <testcase name="testUpdateNonExistingDataByKey()" classname="org.babyfish.jimmer.example.save.SaveModeTest" time="0.015"/>
  <testcase name="testUpsertExistingDataById()" classname="org.babyfish.jimmer.example.save.SaveModeTest" time="0.006"/>
  <testcase name="testUpdateExistingDataByKey()" classname="org.babyfish.jimmer.example.save.SaveModeTest" time="0.006"/>
  <testcase name="testInsertOnly()" classname="org.babyfish.jimmer.example.save.SaveModeTest" time="0.006"/>
  <testcase name="testUpsertExistingDataByKey()" classname="org.babyfish.jimmer.example.save.SaveModeTest" time="0.01"/>
  <testcase name="testUpsertNonExistingDataByKey()" classname="org.babyfish.jimmer.example.save.SaveModeTest" time="0.008"/>
  <testcase name="testUpsertNonExistingDataById()" classname="org.babyfish.jimmer.example.save.SaveModeTest" time="0.009"/>
  <testcase name="testUpdateOnlyById()" classname="org.babyfish.jimmer.example.save.SaveModeTest" time="0.005"/>
  <system-out><![CDATA[]]></system-out>
  <system-err><![CDATA[]]></system-err>
</testsuite>
