<?xml version="1.0" encoding="UTF-8"?>
<testsuite name="org.babyfish.jimmer.example.save.TriggerTest" tests="1" skipped="0" failures="0" errors="0" timestamp="2024-02-08T13:25:10" hostname="chentaodeMBP" time="0.033">
  <properties/>
  <testcase name="test()" classname="org.babyfish.jimmer.example.save.TriggerTest" time="0.033"/>
  <system-out><![CDATA[]]></system-out>
  <system-err><![CDATA[]]></system-err>
</testsuite>
